<?xml version="1.0" encoding="UTF-8"?>
<!-- Generated by org.testng.reporters.JUnitReportReporter -->
<testsuite skipped="0" hostname="DESKTOP-NMBHKP8" name="sample.maven.SampleMavTest" tests="1" failures="0" timestamp="12 Mar 2018 18:56:12 GMT" time="18.421" errors="0">
  <testcase name="Sample" time="18.421" classname="sample.maven.SampleMavTest"/>
</testsuite> <!-- sample.maven.SampleMavTest -->
