<?xml version="1.0" encoding="UTF-8"?>
<!-- Generated by org.testng.reporters.JUnitReportReporter -->
<testsuite skipped="0" hostname="DESKTOP-NMBHKP8" name="sample.maven.SampleMavTest" tests="1" failures="0" timestamp="13 Mar 2018 09:18:25 GMT" time="43.796" errors="0">
  <testcase name="Sample" time="43.796" classname="sample.maven.SampleMavTest"/>
</testsuite> <!-- sample.maven.SampleMavTest -->
