<?xml version="1.0" encoding="UTF-8"?>
<!-- Generated by org.testng.reporters.JUnitReportReporter -->
<testsuite skipped="0" hostname="DESKTOP-NMBHKP8" name="sample.maven.SampleMavTest" tests="1" failures="0" timestamp="13 Mar 2018 05:31:55 GMT" time="11.169" errors="0">
  <testcase name="Sample" time="11.169" classname="sample.maven.SampleMavTest"/>
</testsuite> <!-- sample.maven.SampleMavTest -->
